<?xml version="1.0" encoding="UTF-8"?>
<!-- Generated by org.testng.reporters.JUnitReportReporter -->
<testsuite hostname="Foysal.lan" failures="0" tests="1" name="jenkins.facebooklogIn" time="9.984" errors="0" timestamp="2023-06-22T22:20:19 EDT" skipped="0">
  <testcase classname="jenkins.facebooklogIn" name="fbLogin" time="9.984"/>
  <system-out/>
</testsuite> <!-- jenkins.facebooklogIn -->
